This file contains any messages produced by compilers while
running configure, to aid debugging if configure makes a mistake.

It was created by gocr configure 0.51, which was
generated by GNU Autoconf 2.59.  Invocation command line was

  $ ./configure 

## --------- ##
## Platform. ##
## --------- ##

hostname = ubuntu
uname -m = x86_64
uname -r = 4.13.0-32-generic
uname -s = Linux
uname -v = #35~16.04.1-Ubuntu SMP Thu Jan 25 10:13:43 UTC 2018

/usr/bin/uname -p = unknown
/bin/uname -X     = unknown

/bin/arch              = unknown
/usr/bin/arch -k       = unknown
/usr/convex/getsysinfo = unknown
hostinfo               = unknown
/bin/machine           = unknown
/usr/bin/oslevel       = unknown
/bin/universe          = unknown

PATH: /home/user/bin
PATH: /home/user/.local/bin
PATH: /usr/local/sbin
PATH: /usr/local/bin
PATH: /usr/sbin
PATH: /usr/bin
PATH: /sbin
PATH: /bin
PATH: /usr/games
PATH: /usr/local/games
PATH: /snap/bin


## ----------- ##
## Core tests. ##
## ----------- ##

configure:1354: checking for gcc
configure:1370: found /usr/bin/gcc
configure:1380: result: gcc
configure:1624: checking for C compiler version
configure:1627: gcc --version </dev/null >&5
gcc (Ubuntu 5.4.0-6ubuntu1~16.04.4) 5.4.0 20160609
Copyright (C) 2015 Free Software Foundation, Inc.
This is free software; see the source for copying conditions.  There is NO
warranty; not even for MERCHANTABILITY or FITNESS FOR A PARTICULAR PURPOSE.

configure:1630: $? = 0
configure:1632: gcc -v </dev/null >&5
Using built-in specs.
COLLECT_GCC=gcc
COLLECT_LTO_WRAPPER=/usr/lib/gcc/x86_64-linux-gnu/5/lto-wrapper
Target: x86_64-linux-gnu
Configured with: ../src/configure -v --with-pkgversion='Ubuntu 5.4.0-6ubuntu1~16.04.4' --with-bugurl=file:///usr/share/doc/gcc-5/README.Bugs --enable-languages=c,ada,c++,java,go,d,fortran,objc,obj-c++ --prefix=/usr --program-suffix=-5 --enable-shared --enable-linker-build-id --libexecdir=/usr/lib --without-included-gettext --enable-threads=posix --libdir=/usr/lib --enable-nls --with-sysroot=/ --enable-clocale=gnu --enable-libstdcxx-debug --enable-libstdcxx-time=yes --with-default-libstdcxx-abi=new --enable-gnu-unique-object --disable-vtable-verify --enable-libmpx --enable-plugin --with-system-zlib --disable-browser-plugin --enable-java-awt=gtk --enable-gtk-cairo --with-java-home=/usr/lib/jvm/java-1.5.0-gcj-5-amd64/jre --enable-java-home --with-jvm-root-dir=/usr/lib/jvm/java-1.5.0-gcj-5-amd64 --with-jvm-jar-dir=/usr/lib/jvm-exports/java-1.5.0-gcj-5-amd64 --with-arch-directory=amd64 --with-ecj-jar=/usr/share/java/eclipse-ecj.jar --enable-objc-gc --enable-multiarch --disable-werror --with-arch-32=i686 --with-abi=m64 --with-multilib-list=m32,m64,mx32 --enable-multilib --with-tune=generic --enable-checking=release --build=x86_64-linux-gnu --host=x86_64-linux-gnu --target=x86_64-linux-gnu
Thread model: posix
gcc version 5.4.0 20160609 (Ubuntu 5.4.0-6ubuntu1~16.04.4) 
configure:1635: $? = 0
configure:1637: gcc -V </dev/null >&5
gcc: error: unrecognized command line option '-V'
gcc: fatal error: no input files
compilation terminated.
configure:1640: $? = 1
configure:1663: checking for C compiler default output file name
configure:1666: gcc    conftest.c  >&5
configure:1669: $? = 0
configure:1715: result: a.out
configure:1720: checking whether the C compiler works
configure:1726: ./a.out
configure:1729: $? = 0
configure:1746: result: yes
configure:1753: checking whether we are cross compiling
configure:1755: result: no
configure:1758: checking for suffix of executables
configure:1760: gcc -o conftest    conftest.c  >&5
configure:1763: $? = 0
configure:1788: result: 
configure:1794: checking for suffix of object files
configure:1815: gcc -c   conftest.c >&5
configure:1818: $? = 0
configure:1840: result: o
configure:1844: checking whether we are using the GNU C compiler
configure:1868: gcc -c   conftest.c >&5
configure:1874: $? = 0
configure:1878: test -z 
			 || test ! -s conftest.err
configure:1881: $? = 0
configure:1884: test -s conftest.o
configure:1887: $? = 0
configure:1900: result: yes
configure:1906: checking whether gcc accepts -g
configure:1927: gcc -c -g  conftest.c >&5
configure:1933: $? = 0
configure:1937: test -z 
			 || test ! -s conftest.err
configure:1940: $? = 0
configure:1943: test -s conftest.o
configure:1946: $? = 0
configure:1957: result: yes
configure:1974: checking for gcc option to accept ANSI C
configure:2044: gcc  -c -g -O2  conftest.c >&5
configure:2050: $? = 0
configure:2054: test -z 
			 || test ! -s conftest.err
configure:2057: $? = 0
configure:2060: test -s conftest.o
configure:2063: $? = 0
configure:2081: result: none needed
configure:2099: gcc -c -g -O2  conftest.c >&5
conftest.c:2:3: error: unknown type name 'choke'
   choke me
   ^
conftest.c:2:3: error: expected '=', ',', ';', 'asm' or '__attribute__' at end of input
configure:2105: $? = 1
configure: failed program was:
| #ifndef __cplusplus
|   choke me
| #endif
configure:2276: checking for a BSD-compatible install
configure:2331: result: /usr/bin/install -c
configure:2342: checking whether make sets $(MAKE)
configure:2362: result: yes
configure:2400: checking for library containing pnm_readpnminit
configure:2430: gcc -o conftest -g -O2  -lm  conftest.c  >&5
/tmp/ccP8l4c0.o: In function `main':
/home/user/work/gocr/conftest.c:20: undefined reference to `pnm_readpnminit'
collect2: error: ld returned 1 exit status
configure:2436: $? = 1
configure: failed program was:
| /* confdefs.h.  */
| 
| #define PACKAGE_NAME "gocr"
| #define PACKAGE_TARNAME "gocr"
| #define PACKAGE_VERSION "0.51"
| #define PACKAGE_STRING "gocr 0.51"
| #define PACKAGE_BUGREPORT ""
| /* end confdefs.h.  */
| 
| /* Override any gcc2 internal prototype to avoid an error.  */
| #ifdef __cplusplus
| extern "C"
| #endif
| /* We use char because int might match the return type of a gcc2
|    builtin and then its argument prototype would still apply.  */
| char pnm_readpnminit ();
| int
| main ()
| {
| pnm_readpnminit ();
|   ;
|   return 0;
| }
configure:2485: gcc -o conftest -g -O2  -lm  conftest.c -lnetpbm   >&5
/usr/bin/ld: cannot find -lnetpbm
collect2: error: ld returned 1 exit status
configure:2491: $? = 1
configure: failed program was:
| /* confdefs.h.  */
| 
| #define PACKAGE_NAME "gocr"
| #define PACKAGE_TARNAME "gocr"
| #define PACKAGE_VERSION "0.51"
| #define PACKAGE_STRING "gocr 0.51"
| #define PACKAGE_BUGREPORT ""
| /* end confdefs.h.  */
| 
| /* Override any gcc2 internal prototype to avoid an error.  */
| #ifdef __cplusplus
| extern "C"
| #endif
| /* We use char because int might match the return type of a gcc2
|    builtin and then its argument prototype would still apply.  */
| char pnm_readpnminit ();
| int
| main ()
| {
| pnm_readpnminit ();
|   ;
|   return 0;
| }
configure:2485: gcc -o conftest -g -O2  -lm  conftest.c -lpnm   >&5
/usr/bin/ld: cannot find -lpnm
collect2: error: ld returned 1 exit status
configure:2491: $? = 1
configure: failed program was:
| /* confdefs.h.  */
| 
| #define PACKAGE_NAME "gocr"
| #define PACKAGE_TARNAME "gocr"
| #define PACKAGE_VERSION "0.51"
| #define PACKAGE_STRING "gocr 0.51"
| #define PACKAGE_BUGREPORT ""
| /* end confdefs.h.  */
| 
| /* Override any gcc2 internal prototype to avoid an error.  */
| #ifdef __cplusplus
| extern "C"
| #endif
| /* We use char because int might match the return type of a gcc2
|    builtin and then its argument prototype would still apply.  */
| char pnm_readpnminit ();
| int
| main ()
| {
| pnm_readpnminit ();
|   ;
|   return 0;
| }
configure:2519: result: no
configure:2535: checking how to run the C preprocessor
configure:2570: gcc -E  conftest.c
configure:2576: $? = 0
configure:2608: gcc -E  conftest.c
conftest.c:9:28: fatal error: ac_nonexistent.h: No such file or directory
compilation terminated.
configure:2614: $? = 1
configure: failed program was:
| /* confdefs.h.  */
| 
| #define PACKAGE_NAME "gocr"
| #define PACKAGE_TARNAME "gocr"
| #define PACKAGE_VERSION "0.51"
| #define PACKAGE_STRING "gocr 0.51"
| #define PACKAGE_BUGREPORT ""
| /* end confdefs.h.  */
| #include <ac_nonexistent.h>
configure:2653: result: gcc -E
configure:2677: gcc -E  conftest.c
configure:2683: $? = 0
configure:2715: gcc -E  conftest.c
conftest.c:9:28: fatal error: ac_nonexistent.h: No such file or directory
compilation terminated.
configure:2721: $? = 1
configure: failed program was:
| /* confdefs.h.  */
| 
| #define PACKAGE_NAME "gocr"
| #define PACKAGE_TARNAME "gocr"
| #define PACKAGE_VERSION "0.51"
| #define PACKAGE_STRING "gocr 0.51"
| #define PACKAGE_BUGREPORT ""
| /* end confdefs.h.  */
| #include <ac_nonexistent.h>
configure:2765: checking for egrep
configure:2775: result: grep -E
configure:2780: checking for ANSI C header files
configure:2805: gcc -c -g -O2  conftest.c >&5
configure:2811: $? = 0
configure:2815: test -z 
			 || test ! -s conftest.err
configure:2818: $? = 0
configure:2821: test -s conftest.o
configure:2824: $? = 0
configure:2913: gcc -o conftest -g -O2  -lm  conftest.c  >&5
conftest.c: In function 'main':
conftest.c:26:7: warning: implicit declaration of function 'exit' [-Wimplicit-function-declaration]
       exit(2);
       ^
conftest.c:26:7: warning: incompatible implicit declaration of built-in function 'exit'
conftest.c:26:7: note: include '<stdlib.h>' or provide a declaration of 'exit'
conftest.c:27:3: warning: incompatible implicit declaration of built-in function 'exit'
   exit (0);
   ^
conftest.c:27:3: note: include '<stdlib.h>' or provide a declaration of 'exit'
configure:2916: $? = 0
configure:2918: ./conftest
configure:2921: $? = 0
configure:2936: result: yes
configure:2960: checking for sys/types.h
configure:2976: gcc -c -g -O2  conftest.c >&5
configure:2982: $? = 0
configure:2986: test -z 
			 || test ! -s conftest.err
configure:2989: $? = 0
configure:2992: test -s conftest.o
configure:2995: $? = 0
configure:3006: result: yes
configure:2960: checking for sys/stat.h
configure:2976: gcc -c -g -O2  conftest.c >&5
configure:2982: $? = 0
configure:2986: test -z 
			 || test ! -s conftest.err
configure:2989: $? = 0
configure:2992: test -s conftest.o
configure:2995: $? = 0
configure:3006: result: yes
configure:2960: checking for stdlib.h
configure:2976: gcc -c -g -O2  conftest.c >&5
configure:2982: $? = 0
configure:2986: test -z 
			 || test ! -s conftest.err
configure:2989: $? = 0
configure:2992: test -s conftest.o
configure:2995: $? = 0
configure:3006: result: yes
configure:2960: checking for string.h
configure:2976: gcc -c -g -O2  conftest.c >&5
configure:2982: $? = 0
configure:2986: test -z 
			 || test ! -s conftest.err
configure:2989: $? = 0
configure:2992: test -s conftest.o
configure:2995: $? = 0
configure:3006: result: yes
configure:2960: checking for memory.h
configure:2976: gcc -c -g -O2  conftest.c >&5
configure:2982: $? = 0
configure:2986: test -z 
			 || test ! -s conftest.err
configure:2989: $? = 0
configure:2992: test -s conftest.o
configure:2995: $? = 0
configure:3006: result: yes
configure:2960: checking for strings.h
configure:2976: gcc -c -g -O2  conftest.c >&5
configure:2982: $? = 0
configure:2986: test -z 
			 || test ! -s conftest.err
configure:2989: $? = 0
configure:2992: test -s conftest.o
configure:2995: $? = 0
configure:3006: result: yes
configure:2960: checking for inttypes.h
configure:2976: gcc -c -g -O2  conftest.c >&5
configure:2982: $? = 0
configure:2986: test -z 
			 || test ! -s conftest.err
configure:2989: $? = 0
configure:2992: test -s conftest.o
configure:2995: $? = 0
configure:3006: result: yes
configure:2960: checking for stdint.h
configure:2976: gcc -c -g -O2  conftest.c >&5
configure:2982: $? = 0
configure:2986: test -z 
			 || test ! -s conftest.err
configure:2989: $? = 0
configure:2992: test -s conftest.o
configure:2995: $? = 0
configure:3006: result: yes
configure:2960: checking for unistd.h
configure:2976: gcc -c -g -O2  conftest.c >&5
configure:2982: $? = 0
configure:2986: test -z 
			 || test ! -s conftest.err
configure:2989: $? = 0
configure:2992: test -s conftest.o
configure:2995: $? = 0
configure:3006: result: yes
configure:3025: checking for unistd.h
configure:3030: result: yes
configure:3034: checking wchar.h usability
configure:3046: gcc -c -g -O2  conftest.c >&5
configure:3052: $? = 0
configure:3056: test -z 
			 || test ! -s conftest.err
configure:3059: $? = 0
configure:3062: test -s conftest.o
configure:3065: $? = 0
configure:3075: result: yes
configure:3079: checking wchar.h presence
configure:3089: gcc -E  conftest.c
configure:3095: $? = 0
configure:3115: result: yes
configure:3150: checking for wchar.h
configure:3157: result: yes
configure:3171: checking for an ANSI C-conforming const
configure:3238: gcc -c -g -O2  conftest.c >&5
configure:3244: $? = 0
configure:3248: test -z 
			 || test ! -s conftest.err
configure:3251: $? = 0
configure:3254: test -s conftest.o
configure:3257: $? = 0
configure:3268: result: yes
configure:3279: checking for function prototypes
configure:3282: result: yes
configure:3299: checking whether setvbuf arguments are reversed
configure:3324: gcc -o conftest -g -O2  -lm  conftest.c  >&5
conftest.c:25:10: error: conflicting types for 'setvbuf'
     int (setvbuf) (FILE *, int, char *, size_t);
          ^
In file included from conftest.c:23:0:
/usr/include/stdio.h:336:12: note: previous declaration of 'setvbuf' was here
 extern int setvbuf (FILE *__restrict __stream, char *__restrict __buf,
            ^
configure:3330: $? = 1
configure: failed program was:
| /* confdefs.h.  */
| 
| #define PACKAGE_NAME "gocr"
| #define PACKAGE_TARNAME "gocr"
| #define PACKAGE_VERSION "0.51"
| #define PACKAGE_STRING "gocr 0.51"
| #define PACKAGE_BUGREPORT ""
| #define STDC_HEADERS 1
| #define HAVE_SYS_TYPES_H 1
| #define HAVE_SYS_STAT_H 1
| #define HAVE_STDLIB_H 1
| #define HAVE_STRING_H 1
| #define HAVE_MEMORY_H 1
| #define HAVE_STRINGS_H 1
| #define HAVE_INTTYPES_H 1
| #define HAVE_STDINT_H 1
| #define HAVE_UNISTD_H 1
| #define HAVE_UNISTD_H 1
| #define HAVE_WCHAR_H 1
| #define PROTOTYPES 1
| #define __PROTOTYPES 1
| /* end confdefs.h.  */
| #include <stdio.h>
| #	  if PROTOTYPES
| 	   int (setvbuf) (FILE *, int, char *, size_t);
| #	  endif
| int
| main ()
| {
| char buf; return setvbuf (stdout, _IOLBF, &buf, 1);
|   ;
|   return 0;
| }
configure:3451: result: no
configure:3468: checking for wcschr
configure:3525: gcc -o conftest -g -O2  -lm  conftest.c  >&5
configure:3531: $? = 0
configure:3535: test -z 
			 || test ! -s conftest.err
configure:3538: $? = 0
configure:3541: test -s conftest
configure:3544: $? = 0
configure:3556: result: yes
configure:3468: checking for wcsdup
configure:3525: gcc -o conftest -g -O2  -lm  conftest.c  >&5
configure:3531: $? = 0
configure:3535: test -z 
			 || test ! -s conftest.err
configure:3538: $? = 0
configure:3541: test -s conftest
configure:3544: $? = 0
configure:3556: result: yes
configure:3468: checking for gettimeofday
configure:3525: gcc -o conftest -g -O2  -lm  conftest.c  >&5
configure:3531: $? = 0
configure:3535: test -z 
			 || test ! -s conftest.err
configure:3538: $? = 0
configure:3541: test -s conftest
configure:3544: $? = 0
configure:3556: result: yes
configure:3468: checking for popen
configure:3525: gcc -o conftest -g -O2  -lm  conftest.c  >&5
configure:3531: $? = 0
configure:3535: test -z 
			 || test ! -s conftest.err
configure:3538: $? = 0
configure:3541: test -s conftest
configure:3544: $? = 0
configure:3556: result: yes
configure:3665: creating ./config.status

## ---------------------- ##
## Running config.status. ##
## ---------------------- ##

This file was extended by gocr config.status 0.51, which was
generated by GNU Autoconf 2.59.  Invocation command line was

  CONFIG_FILES    = 
  CONFIG_HEADERS  = 
  CONFIG_LINKS    = 
  CONFIG_COMMANDS = 
  $ ./config.status 

on ubuntu

config.status:653: creating Makefile
config.status:653: creating src/Makefile
config.status:653: creating doc/Makefile
config.status:653: creating man/Makefile
config.status:757: creating include/config.h

## ---------------- ##
## Cache variables. ##
## ---------------- ##

ac_cv_c_compiler_gnu=yes
ac_cv_c_const=yes
ac_cv_env_CC_set=
ac_cv_env_CC_value=
ac_cv_env_CFLAGS_set=
ac_cv_env_CFLAGS_value=
ac_cv_env_CPPFLAGS_set=
ac_cv_env_CPPFLAGS_value=
ac_cv_env_CPP_set=
ac_cv_env_CPP_value=
ac_cv_env_LDFLAGS_set=
ac_cv_env_LDFLAGS_value=
ac_cv_env_build_alias_set=
ac_cv_env_build_alias_value=
ac_cv_env_host_alias_set=
ac_cv_env_host_alias_value=
ac_cv_env_target_alias_set=
ac_cv_env_target_alias_value=
ac_cv_exeext=
ac_cv_func_gettimeofday=yes
ac_cv_func_popen=yes
ac_cv_func_setvbuf_reversed=no
ac_cv_func_wcschr=yes
ac_cv_func_wcsdup=yes
ac_cv_header_inttypes_h=yes
ac_cv_header_memory_h=yes
ac_cv_header_stdc=yes
ac_cv_header_stdint_h=yes
ac_cv_header_stdlib_h=yes
ac_cv_header_string_h=yes
ac_cv_header_strings_h=yes
ac_cv_header_sys_stat_h=yes
ac_cv_header_sys_types_h=yes
ac_cv_header_unistd_h=yes
ac_cv_header_wchar_h=yes
ac_cv_objext=o
ac_cv_path_install='/usr/bin/install -c'
ac_cv_prog_CPP='gcc -E'
ac_cv_prog_ac_ct_CC=gcc
ac_cv_prog_cc_g=yes
ac_cv_prog_cc_stdc=
ac_cv_prog_egrep='grep -E'
ac_cv_prog_make_make_set=yes
ac_cv_search_pnm_readpnminit=no

## ----------------- ##
## Output variables. ##
## ----------------- ##

CC='gcc'
CFLAGS='-g -O2'
CPP='gcc -E'
CPPFLAGS=''
DEFS='-DHAVE_CONFIG_H'
ECHO_C=''
ECHO_N='-n'
ECHO_T=''
EGREP='grep -E'
EXEEXT=''
INSTALL_DATA='${INSTALL} -m 644'
INSTALL_PROGRAM='${INSTALL}'
INSTALL_SCRIPT='${INSTALL}'
LDFLAGS='-lm '
LIBOBJS=''
LIBS=''
LTLIBOBJS=''
OBJEXT='o'
PACKAGE_BUGREPORT=''
PACKAGE_NAME='gocr'
PACKAGE_STRING='gocr 0.51'
PACKAGE_TARNAME='gocr'
PACKAGE_VERSION='0.51'
PATH_SEPARATOR=':'
SET_MAKE=''
SHELL='/bin/bash'
ac_ct_CC='gcc'
bindir='${exec_prefix}/bin'
build_alias=''
datadir='${prefix}/share'
exec_prefix='${prefix}'
host_alias=''
includedir='${prefix}/include'
infodir='${prefix}/info'
libdir='${exec_prefix}/lib'
libexecdir='${exec_prefix}/libexec'
localstatedir='${prefix}/var'
mandir='${prefix}/man'
oldincludedir='/usr/include'
prefix='/usr/local'
program_transform_name='s,x,x,'
sbindir='${exec_prefix}/sbin'
sharedstatedir='${prefix}/com'
sysconfdir='${prefix}/etc'
target_alias=''

## ----------- ##
## confdefs.h. ##
## ----------- ##

#define HAVE_GETTIMEOFDAY 1
#define HAVE_INTTYPES_H 1
#define HAVE_MEMORY_H 1
#define HAVE_POPEN 1
#define HAVE_STDINT_H 1
#define HAVE_STDLIB_H 1
#define HAVE_STRINGS_H 1
#define HAVE_STRING_H 1
#define HAVE_SYS_STAT_H 1
#define HAVE_SYS_TYPES_H 1
#define HAVE_UNISTD_H 1
#define HAVE_UNISTD_H 1
#define HAVE_WCHAR_H 1
#define HAVE_WCSCHR 1
#define HAVE_WCSDUP 1
#define PACKAGE_BUGREPORT ""
#define PACKAGE_NAME "gocr"
#define PACKAGE_STRING "gocr 0.51"
#define PACKAGE_TARNAME "gocr"
#define PACKAGE_VERSION "0.51"
#define PROTOTYPES 1
#define STDC_HEADERS 1
#define __PROTOTYPES 1

configure: exit 0
